Removed Pin From Net: NetName=V_RELAY01 Pin=ESP WROOM 1-10
Removed Pin From Net: NetName=V_RELAY01 Pin=ESP WROOM 1-11
Removed Pin From Net: NetName=GND Pin=R20-1
Removed Pin From Net: NetName=GND Pin=R21-1
Removed Pin From Net: NetName=V_RELAY01 Pin=U3-4
Removed Pin From Net: NetName=V_RELAY01 Pin=U4-4
Change Component Designator: OldDesignator=R15 NewDesignator=R17
Change Component Designator: OldDesignator=R16 NewDesignator=R18
Change Component Designator: OldDesignator=R17 NewDesignator=R19
Change Component Designator: OldDesignator=R18 NewDesignator=R20
Change Component Designator: OldDesignator=R19 NewDesignator=R21
Added Component: Designator=R15(tro smd 0603)
Add component (AddParameter): Name = "Chung_Loai"; Value = "Dán"; VariantName = "[No Variations]"
Add component (AddParameter): Name = "Don_Vi"; Value = "Con"; VariantName = "[No Variations]"
Add component (AddParameter): Name = "Kieu_Chan"; Value = ""; VariantName = "[No Variations]"
Add component (AddParameter): Name = "Ma_Hang"; Value = "MH006333"; VariantName = "[No Variations]"
Add component (AddParameter): Name = "So_Chan"; Value = "2"; VariantName = "[No Variations]"
Add component (AddParameter): Name = "Ten_Linh_Kien"; Value = "Tr? 0603 1% 10k"; VariantName = "[No Variations]"
Added Component: Designator=R16(tro smd 0603)
Add component (AddParameter): Name = "Chung_Loai"; Value = "Dán"; VariantName = "[No Variations]"
Add component (AddParameter): Name = "Don_Vi"; Value = "Con"; VariantName = "[No Variations]"
Add component (AddParameter): Name = "Kieu_Chan"; Value = ""; VariantName = "[No Variations]"
Add component (AddParameter): Name = "Ma_Hang"; Value = "MH006333"; VariantName = "[No Variations]"
Add component (AddParameter): Name = "So_Chan"; Value = "2"; VariantName = "[No Variations]"
Add component (AddParameter): Name = "Ten_Linh_Kien"; Value = "Tr? 0603 1% 10k"; VariantName = "[No Variations]"
Added Pin To Net: NetName=V_RELAY01 Pin=R15-2
Added Pin To Net: NetName=V_RELAY01 Pin=R16-2
Added Pin To Net: NetName=GND Pin=U3-3
Added Pin To Net: NetName=GND Pin=U4-3
Change Net Name : Old Net Name=NetR15_2 New Net Name=NetR17_2
Change Net Name : Old Net Name=NetR16_2 New Net Name=NetR18_2
Change Net Name : Old Net Name=NetR18_2 New Net Name=NetR20_2
Change Net Name : Old Net Name=NetR19_2 New Net Name=NetR21_2
Change Net Name : Old Net Name=V_RELAY01 New Net Name=+3.3V_VIN
Added Pin To Net: NetName=V_RELAY1 Pin=ESP WROOM 1-10
Added Pin To Net: NetName=V_RELAY1 Pin=R15-1
Added Pin To Net: NetName=V_RELAY1 Pin=U3-4
Added Net: Name=V_RELAY1
Added Pin To Net: NetName=V_RELAY02 Pin=R16-1
Added Pin To Net: NetName=V_RELAY02 Pin=U4-4
Added Net: Name=V_RELAY02
Added Pin To Net: NetName=V_RELAY2 Pin=ESP WROOM 1-11
Added Net: Name=V_RELAY2
Added Room: Name=Sheet1
