Removed Pin From Net: NetName=GND Pin=R3-1
Removed Pin From Net: NetName=GND Pin=R5-2
Removed Member From Class: ClassName=Sheet1 Member=R3
Change Component Comment : Designator=R5 Old Comment=3.3M New Comment=10
Change Component Designator: OldDesignator=C5 NewDesignator=C6
Change Component Designator: OldDesignator=C6 NewDesignator=C7
Change Component Designator: OldDesignator=C7 NewDesignator=C8
Change Component Designator: OldDesignator=C8 NewDesignator=C9
Added Component: Designator=C5(CN3)
Add component (AddParameter): Name = "Copyright"; Value = "VanDungEvn"; VariantName = "[No Variations]"
Add component (AddParameter): Name = "Value"; Value = "0,047uF"; VariantName = "[No Variations]"
Added Pin To Net: NetName=GND Pin=BT1-1
Added Pin To Net: NetName=GND Pin=BT1-1
Added Pin To Net: NetName=RESET_CONFIG Pin=C4-1
Added Pin To Net: NetName=GND Pin=C5-2
Added Pin To Net: NetName=NetC5_1 Pin=C5-1
Added Pin To Net: NetName=NetC5_1 Pin=R5-2
Added Net: Name=NetC5_1
Added Member To Class: ClassName=Sheet1 Member=Component C9 100nF
Added Member To Class: ClassName=Sheet1 Member=Component R14 10k
Added Member To Class: ClassName=Sheet1 Member=Component R18 10k
Added Member To Class: ClassName=Sheet1 Member=Component R19 10k
Added Member To Class: ClassName=Sheet1 Member=Component R20 10k
Added Room: Name=Sheet1
