Removed Pin From Net: NetName=+5V_VIN Pin=JP2-1
Removed Pin From Net: NetName=IO0 Pin=JP2-2
Removed Pin From Net: NetName=RX0 Pin=JP2-3
Removed Pin From Net: NetName=TX0 Pin=JP2-4
Removed Pin From Net: NetName=GND Pin=JP2-5
Change Component Footprint: Designator=JP2 Old Footprint=JP 1x5 DT New Footprint=JP 1x3 DT
Change Component Comment : Designator=JP2 Old Comment=JP 1x5 2.54 New Comment=JP 1x3 2.54
Added Component: Designator=JP3(JP 1x2 DT)
Add component (AddParameter): Name = "Chung_Loai"; Value = "C?m"; VariantName = "[No Variations]"
Add component (AddParameter): Name = "Don_Vi"; Value = "Con"; VariantName = "[No Variations]"
Add component (AddParameter): Name = "Ghi_Chu"; Value = ""; VariantName = "[No Variations]"
Add component (AddParameter): Name = "Kieu_Chan"; Value = ""; VariantName = "[No Variations]"
Add component (AddParameter): Name = "Ma_Hang"; Value = "MH000903"; VariantName = "[No Variations]"
Add component (AddParameter): Name = "Ten_Linh_Kien"; Value = "Jump Ðon Ð?c 2.54MM 1x40P Th?ng 11MM"; VariantName = "[No Variations]"
Added Pin To Net: NetName=IO0 Pin=JP2-1
Added Pin To Net: NetName=RX0 Pin=JP2-2
Added Pin To Net: NetName=TX0 Pin=JP2-3
Added Pin To Net: NetName=+5V_VIN Pin=JP3-1
Added Pin To Net: NetName=GND Pin=JP3-2
Added Member To Class: ClassName=Sheet1 Member=Component JP3 JP 1x2 2.54
Added Room: Name=Sheet1
