Added Net: Name=+3.3V
Added Net: Name=+3.7V
Added Net: Name=+5V
Added Net: Name=+v_pinin
Added Net: Name=+V_pinout
Added Net: Name=+Vin
Added Net: Name=1OUT
Added Net: Name=2OUT
Added Net: Name=CS
Added Net: Name=EN
Added Net: Name=GND
Added Net: Name=IO0
Added Net: Name=LX
Added Net: Name=NetA1_2
Added Net: Name=NetBT1_1
Added Net: Name=NetBT2_1
Added Net: Name=NetC6_1
Added Net: Name=NetC11_1
Added Net: Name=NetC11_2
Added Net: Name=NetC12_1
Added Net: Name=NetC14_1
Added Net: Name=NetC14_2
Added Net: Name=NetC20_1
Added Net: Name=NetC21_1
Added Net: Name=NetD3_A
Added Net: Name=NetD4_1
Added Net: Name=NetD4_2
Added Net: Name=NetD5_2
Added Net: Name=NetESP WROOM 1_13
Added Net: Name=NetESP WROOM 1_24
Added Net: Name=NetQ2_1
Added Net: Name=NetR8_2
Added Net: Name=NetR9_1
Added Net: Name=NetR10_2
Added Net: Name=NetR13_1
Added Net: Name=NetR16_1
Added Net: Name=RESET_CONFIG
Added Net: Name=RX0
Added Net: Name=START
Added Net: Name=TS
Added Net: Name=TX0
Added Net: Name=VREG
Added Net: Name=VS
Added Class: Name=Sheet1
Added Room: Name=Sheet1
